<?xml version="1.0" encoding="UTF-8"?>
<!-- Generated by org.testng.reporters.JUnitReportReporter -->
<testsuite hostname="REoiMac.local" failures="0" tests="1" name="amazon_searchResults.AmazonSearchResultsTest" time="59.964" errors="0" timestamp="2023-09-29T13:20:38 EDT" skipped="0">
  <testcase classname="amazon_searchResults.AmazonSearchResultsTest" name="searchResuktDisplayed" time="59.964"/>
  <system-out/>
</testsuite> <!-- amazon_searchResults.AmazonSearchResultsTest -->
